#
# A fatal error has been detected by the Java Runtime Environment:
#
#  SIGSEGV (0xb) at pc=0x00000001022b0d2c, pid=9859, tid=23299
#
# JRE version: OpenJDK Runtime Environment (12.0.1+12) (build 12.0.1+12)
# Java VM: OpenJDK 64-Bit Server VM (12.0.1+12, mixed mode, sharing, tiered, compressed oops, g1 gc, bsd-amd64)
# Problematic frame:
# V  [libjvm.dylib+0x187d2c]  IntervalWalker::append_to_unhandled(Interval**, Interval*)+0xb6
#
# No core dump will be written. Core dumps have been disabled. To enable core dumping, try "ulimit -c unlimited" before starting Java again
#
# If you would like to submit a bug report, please visit:
#   http://bugreport.java.com/bugreport/crash.jsp
#

---------------  S U M M A R Y ------------

Command Line: -javaagent:/Applications/IntelliJ IDEA CE.app/Contents/lib/idea_rt.jar=57824:/Applications/IntelliJ IDEA CE.app/Contents/bin -Dfile.encoding=UTF-8 lestercarpay.Main

Host: MacBookAir3,1 x86_64 1600 MHz, 2 cores, 2G, Darwin 15.6.0
Time: Wed Jul 10 23:42:48 2019 CEST elapsed time: 17 seconds (0d 0h 0m 17s)

---------------  T H R E A D  ---------------

Current thread (0x00007fd94100d000):  JavaThread "C1 CompilerThread0" daemon [_thread_in_native, id=23299, stack(0x0000700000bbb000,0x0000700000cbb000)]


Current CompileTask:
C1:  17170 1477   !   3       java.awt.DefaultKeyboardFocusManager::dispatchEvent (1616 bytes)

Stack: [0x0000700000bbb000,0x0000700000cbb000],  sp=0x0000700000cb97d0,  free space=1017k
Native frames: (J=compiled Java code, A=aot compiled Java code, j=interpreted, Vv=VM code, C=native code)
V  [libjvm.dylib+0x187d2c]  IntervalWalker::append_to_unhandled(Interval**, Interval*)+0xb6
V  [libjvm.dylib+0x188ae9]  LinearScanWalker::split_before_usage(Interval*, int, int)+0x123
V  [libjvm.dylib+0x189217]  LinearScanWalker::alloc_free_reg(Interval*)+0x1f3
V  [libjvm.dylib+0x189af1]  LinearScanWalker::activate_current()+0xbd
V  [libjvm.dylib+0x187f81]  IntervalWalker::walk_to(int)+0x59
V  [libjvm.dylib+0x18427e]  LinearScan::allocate_registers()+0x17c
V  [libjvm.dylib+0x186b9c]  LinearScan::do_linear_scan()+0x4a
V  [libjvm.dylib+0x141042]  Compilation::emit_lir()+0xd0
V  [libjvm.dylib+0x141660]  Compilation::compile_java_method()+0xe2
V  [libjvm.dylib+0x141835]  Compilation::compile_method()+0x71
V  [libjvm.dylib+0x141a5a]  Compilation::Compilation(AbstractCompiler*, ciEnv*, ciMethod*, int, BufferBlob*, DirectiveSet*)+0x180
V  [libjvm.dylib+0x142d61]  Compiler::compile_method(ciEnv*, ciMethod*, int, DirectiveSet*)+0x61
V  [libjvm.dylib+0x225533]  CompileBroker::invoke_compiler_on_method(CompileTask*)+0x57f
V  [libjvm.dylib+0x224e42]  CompileBroker::compiler_thread_loop()+0x19a
V  [libjvm.dylib+0x6e3e6a]  JavaThread::thread_main_inner()+0x82
V  [libjvm.dylib+0x6e3cb4]  JavaThread::run()+0x16c
V  [libjvm.dylib+0x6e1bba]  Thread::call_run()+0x68
V  [libjvm.dylib+0x5dbff7]  thread_native_entry(Thread*)+0x139
C  [libsystem_pthread.dylib+0x399d]  _pthread_body+0x83
C  [libsystem_pthread.dylib+0x391a]  _pthread_body+0x0
C  [libsystem_pthread.dylib+0x1351]  thread_start+0xd


siginfo: si_signo: 11 (SIGSEGV), si_code: 1 (SEGV_MAPERR), si_addr: 0x0000000000000000

Register to memory mapping:

RAX=0x0 is NULL
RBX=0x00007fd9416cd460 points into unknown readable memory: 60 0c 00 00 0c 00 00 00
RCX=0x0 is NULL
RDX=0x00007fd9416cd460 points into unknown readable memory: 60 0c 00 00 0c 00 00 00
RSP=0x0000700000cb97d0 is pointing into the stack for thread: 0x00007fd94100d000
RBP=0x0000700000cb97e0 is pointing into the stack for thread: 0x00007fd94100d000
RSI=0x0000700000cb9ea0 is pointing into the stack for thread: 0x00007fd94100d000
RDI=0x00007fd9416cd310 points into unknown readable memory: 00 00 00 00 00 00 00 00
R8 =0x0000000000000299 is an unknown value
R9 =0x00007fd9416b6750 points into unknown readable memory: bf 02 00 00 0c 00 00 00
R10=0x000000000000000a is an unknown value
R11=0x0 is NULL
R12=0x0000700000cb97f8 is pointing into the stack for thread: 0x00007fd94100d000
R13=0x0000000000000201 is an unknown value
R14=0xfffffffe00000000 is an unknown value
R15=0x0000700000cb9ea0 is pointing into the stack for thread: 0x00007fd94100d000


Registers:
RAX=0x0000000000000000, RBX=0x00007fd9416cd460, RCX=0x0000000000000000, RDX=0x00007fd9416cd460
RSP=0x0000700000cb97d0, RBP=0x0000700000cb97e0, RSI=0x0000700000cb9ea0, RDI=0x00007fd9416cd310
R8 =0x0000000000000299, R9 =0x00007fd9416b6750, R10=0x000000000000000a, R11=0x0000000000000000
R12=0x0000700000cb97f8, R13=0x0000000000000201, R14=0xfffffffe00000000, R15=0x0000700000cb9ea0
RIP=0x00000001022b0d2c, EFLAGS=0x0000000000010293, ERR=0x0000000000000004
  TRAPNO=0x000000000000000e

Top of Stack: (sp=0x0000700000cb97d0)
0x0000700000cb97d0:   00007fd9416cd460 00007fd942a9ee80
0x0000700000cb97e0:   0000700000cb9830 00000001022b1ae9
0x0000700000cb97f0:   0000000000000000 00007fd9416cd460
0x0000700000cb9800:   00007fd9416b75f0 0000700000cb9e80
0x0000700000cb9810:   0000000000000002 0000000000000253
0x0000700000cb9820:   00007fd9416b75f0 00000000ffffffff
0x0000700000cb9830:   0000700000cb9880 00000001022b2217
0x0000700000cb9840:   0000700000cba308 ffffffff00cb9868
0x0000700000cb9850:   0100700000cb9880 00007fd9416b75f0
0x0000700000cb9860:   00007fd942a9ee80 0000000000000001
0x0000700000cb9870:   0000700000cb9e80 0000700000cb9e01
0x0000700000cb9880:   0000700000cb98b0 00000001022b2af1
0x0000700000cb9890:   00000001029df1d0 0000000000000252
0x0000700000cb98a0:   000000007fffffff 0000700000cb9e80
0x0000700000cb98b0:   0000700000cb98e0 00000001022b0f81
0x0000700000cb98c0:   0000000000000002 0000000000000c37
0x0000700000cb98d0:   0000700000cb9e80 00007fd942a9ee80
0x0000700000cb98e0:   0000700000cba450 00000001022ad27e
0x0000700000cb98f0:   0000000200000000 0000000000000000
0x0000700000cb9900:   00007fd900000013 00007fd94282a550
0x0000700000cb9910:   00007fd94051b090 0000000200000000
0x0000700000cb9920:   0000000000000000 0000000000000013
0x0000700000cb9930:   00007fd94282a540 0000000200000001
0x0000700000cb9940:   0000000000000000 0000000100000013
0x0000700000cb9950:   00007fd94282a4c0 0000000000000000
0x0000700000cb9960:   0000000000000000 0000000000000001
0x0000700000cb9970:   0000000000000000 0000700000cb99c8
0x0000700000cb9980:   0000700000cba4e0 00007fd94298b150
0x0000700000cb9990:   0000700000cb9a40 00000001022b981f
0x0000700000cb99a0:   0000000200000000 0000000000000000
0x0000700000cb99b0:   0000000000000013 00007fd94282a4a0
0x0000700000cb99c0:   00007fd94051b090 0000000200000000 

Instructions: (pc=0x00000001022b0d2c)
0x00000001022b0d0c:   04 7d ec eb 08 48 c1 f9 1e 44 8b 14 08 45 39 d3
0x00000001022b0d1c:   7d 19 48 8d 47 38 49 89 f9 48 8b 38 48 8b 47 08
0x00000001022b0d2c:   44 39 00 7c ed 0f 84 62 ff ff ff 4d 85 c9 49 8d
0x00000001022b0d3c:   41 38 48 0f 44 c6 48 89 10 48 89 7a 38 5b 41 5e 

Stack slot to memory mapping:
stack at sp + 0 slots: 0x00007fd9416cd460 points into unknown readable memory: 60 0c 00 00 0c 00 00 00
stack at sp + 1 slots: 0x00007fd942a9ee80 points into unknown readable memory: d0 a7 cb 00 00 70 00 00
stack at sp + 2 slots: 0x0000700000cb9830 is pointing into the stack for thread: 0x00007fd94100d000
stack at sp + 3 slots: 0x00000001022b1ae9: _ZN16LinearScanWalker18split_before_usageEP8Intervalii+0x123 in /Library/Java/JavaVirtualMachines/openjdk-12.0.1.jdk/Contents/Home/lib/server/libjvm.dylib at 0x0000000102129000
stack at sp + 4 slots: 0x0 is NULL
stack at sp + 5 slots: 0x00007fd9416cd460 points into unknown readable memory: 60 0c 00 00 0c 00 00 00
stack at sp + 6 slots: 0x00007fd9416b75f0 points into unknown readable memory: b3 02 00 00 0c 00 00 00
stack at sp + 7 slots: 0x0000700000cb9e80 is pointing into the stack for thread: 0x00007fd94100d000


---------------  P R O C E S S  ---------------

Threads class SMR info:
_java_thread_list=0x00007fd9404147b0, length=17, elements={
0x00007fd94085d800, 0x00007fd940868800, 0x00007fd940882800, 0x00007fd941008800,
0x00007fd94100d000, 0x00007fd94088b800, 0x00007fd94100e800, 0x00007fd9408ff800,
0x00007fd94097c000, 0x00007fd940969000, 0x00007fd94109a000, 0x00007fd940ab1000,
0x00007fd9411d3800, 0x00007fd94138f800, 0x00007fd941221800, 0x00007fd9429dc800,
0x00007fd940804000
}

Java Threads: ( => current thread )
  0x00007fd94085d800 JavaThread "Reference Handler" daemon [_thread_blocked, id=16899, stack(0x000070000072c000,0x000070000082c000)]
  0x00007fd940868800 JavaThread "Finalizer" daemon [_thread_blocked, id=17667, stack(0x000070000082f000,0x000070000092f000)]
  0x00007fd940882800 JavaThread "Signal Dispatcher" daemon [_thread_blocked, id=18695, stack(0x00007000009b5000,0x0000700000ab5000)]
  0x00007fd941008800 JavaThread "C2 CompilerThread0" daemon [_thread_blocked, id=22531, stack(0x0000700000ab8000,0x0000700000bb8000)]
=>0x00007fd94100d000 JavaThread "C1 CompilerThread0" daemon [_thread_in_native, id=23299, stack(0x0000700000bbb000,0x0000700000cbb000)]
  0x00007fd94088b800 JavaThread "Sweeper thread" daemon [_thread_blocked, id=24067, stack(0x0000700000cbe000,0x0000700000dbe000)]
  0x00007fd94100e800 JavaThread "Common-Cleaner" daemon [_thread_blocked, id=24835, stack(0x0000700000dc1000,0x0000700000ec1000)]
  0x00007fd9408ff800 JavaThread "Monitor Ctrl-Break" daemon [_thread_in_native, id=25603, stack(0x0000700000ec4000,0x0000700000fc4000)]
  0x00007fd94097c000 JavaThread "Service Thread" daemon [_thread_blocked, id=26371, stack(0x0000700000fc7000,0x00007000010c7000)]
  0x00007fd940969000 JavaThread "AppKit Thread" daemon [_thread_in_native, id=2571, stack(0x00007fff5d54e000,0x00007fff5dd4e000)]
  0x00007fd94109a000 JavaThread "Attach Listener" daemon [_thread_blocked, id=33283, stack(0x0000700001250000,0x0000700001350000)]
  0x00007fd940ab1000 JavaThread "Java2D Queue Flusher" daemon [_thread_blocked, id=52803, stack(0x000070000155c000,0x000070000165c000)]
  0x00007fd9411d3800 JavaThread "Java2D Disposer" daemon [_thread_blocked, id=62995, stack(0x000070000165f000,0x000070000175f000)]
  0x00007fd94138f800 JavaThread "AWT-Shutdown" [_thread_blocked, id=37907, stack(0x00007000013d6000,0x00007000014d6000)]
  0x00007fd941221800 JavaThread "AWT-EventQueue-0" [_thread_blocked, id=63747, stack(0x0000700001762000,0x0000700001862000)]
  0x00007fd9429dc800 JavaThread "TimerQueue" daemon [_thread_blocked, id=67335, stack(0x0000700001968000,0x0000700001a68000)]
  0x00007fd940804000 JavaThread "DestroyJavaVM" [_thread_blocked, id=5635, stack(0x0000000102e87000,0x0000000102f87000)]

Other Threads:
  0x00007fd94085c800 VMThread "VM Thread" [stack: 0x0000700000629000,0x0000700000729000] [id=16131]
  0x00007fd94097c800 WatcherThread [stack: 0x00007000010ca000,0x00007000011ca000] [id=26883]
  0x00007fd940824000 GCTaskThread "GC Thread#0" [stack: 0x000070000011a000,0x000070000021a000] [id=12035]
  0x00007fd940daa000 GCTaskThread "GC Thread#1" [stack: 0x0000700001865000,0x0000700001965000] [id=64263]
  0x00007fd940828000 ConcurrentGCThread "G1 Main Marker" [stack: 0x000070000021d000,0x000070000031d000] [id=12547]
  0x00007fd940829000 ConcurrentGCThread "G1 Conc#0" [stack: 0x0000700000320000,0x0000700000420000] [id=13571]
  0x00007fd940841800 ConcurrentGCThread "G1 Refine#0" [stack: 0x0000700000423000,0x0000700000523000] [id=14083]
  0x00007fd940842800 ConcurrentGCThread "G1 Young RemSet Sampling" [stack: 0x0000700000526000,0x0000700000626000] [id=14595]

Threads with active compile tasks:
C1 CompilerThread0  1477   !   3       java.awt.DefaultKeyboardFocusManager::dispatchEvent (1616 bytes)

VM state:not at safepoint (normal execution)

VM Mutex/Monitor currently owned by a thread: None

Heap address: 0x00000007e0000000, size: 512 MB, Compressed Oops mode: Zero based, Oop shift amount: 3
Narrow klass base: 0x0000000800000000, Narrow klass shift: 3
Compressed class space size: 1073741824 Address: 0x00000008010fa000

Heap:
 garbage-first heap   total 34816K, used 7635K [0x00000007e0000000, 0x0000000800000000)
  region size 1024K, 6 young (6144K), 1 survivors (1024K)
 Metaspace       used 10685K, capacity 11028K, committed 11264K, reserved 1058816K
  class space    used 1268K, capacity 1433K, committed 1536K, reserved 1048576K
Heap Regions: E=young(eden), S=young(survivor), O=old, HS=humongous(starts), HC=humongous(continues), CS=collection set, F=free, A=archive, TAMS=top-at-mark-start (previous, next)
|   0|0x00000007e0000000, 0x00000007e0100000, 0x00000007e0100000|100%| O|  |TAMS 0x00000007e0000000, 0x00000007e0000000| Untracked 
|   1|0x00000007e0100000, 0x00000007e0200000, 0x00000007e0200000|100%| O|  |TAMS 0x00000007e0100000, 0x00000007e0100000| Untracked 
|   2|0x00000007e0200000, 0x00000007e025b600, 0x00000007e0300000| 35%| O|  |TAMS 0x00000007e0200000, 0x00000007e0200000| Untracked 
|   3|0x00000007e0300000, 0x00000007e0300000, 0x00000007e0400000|  0%| F|  |TAMS 0x00000007e0300000, 0x00000007e0300000| Untracked 
|   4|0x00000007e0400000, 0x00000007e0400000, 0x00000007e0500000|  0%| F|  |TAMS 0x00000007e0400000, 0x00000007e0400000| Untracked 
|   5|0x00000007e0500000, 0x00000007e0500000, 0x00000007e0600000|  0%| F|  |TAMS 0x00000007e0500000, 0x00000007e0500000| Untracked 
|   6|0x00000007e0600000, 0x00000007e0600000, 0x00000007e0700000|  0%| F|  |TAMS 0x00000007e0600000, 0x00000007e0600000| Untracked 
|   7|0x00000007e0700000, 0x00000007e0700000, 0x00000007e0800000|  0%| F|  |TAMS 0x00000007e0700000, 0x00000007e0700000| Untracked 
|   8|0x00000007e0800000, 0x00000007e0800000, 0x00000007e0900000|  0%| F|  |TAMS 0x00000007e0800000, 0x00000007e0800000| Untracked 
|   9|0x00000007e0900000, 0x00000007e0900000, 0x00000007e0a00000|  0%| F|  |TAMS 0x00000007e0900000, 0x00000007e0900000| Untracked 
|  10|0x00000007e0a00000, 0x00000007e0a00000, 0x00000007e0b00000|  0%| F|  |TAMS 0x00000007e0a00000, 0x00000007e0a00000| Untracked 
|  11|0x00000007e0b00000, 0x00000007e0b00000, 0x00000007e0c00000|  0%| F|  |TAMS 0x00000007e0b00000, 0x00000007e0b00000| Untracked 
|  12|0x00000007e0c00000, 0x00000007e0c00000, 0x00000007e0d00000|  0%| F|  |TAMS 0x00000007e0c00000, 0x00000007e0c00000| Untracked 
|  13|0x00000007e0d00000, 0x00000007e0d00000, 0x00000007e0e00000|  0%| F|  |TAMS 0x00000007e0d00000, 0x00000007e0d00000| Untracked 
|  14|0x00000007e0e00000, 0x00000007e0e00000, 0x00000007e0f00000|  0%| F|  |TAMS 0x00000007e0e00000, 0x00000007e0e00000| Untracked 
|  15|0x00000007e0f00000, 0x00000007e0f00000, 0x00000007e1000000|  0%| F|  |TAMS 0x00000007e0f00000, 0x00000007e0f00000| Untracked 
|  16|0x00000007e1000000, 0x00000007e1000000, 0x00000007e1100000|  0%| F|  |TAMS 0x00000007e1000000, 0x00000007e1000000| Untracked 
|  17|0x00000007e1100000, 0x00000007e1100000, 0x00000007e1200000|  0%| F|  |TAMS 0x00000007e1100000, 0x00000007e1100000| Untracked 
|  18|0x00000007e1200000, 0x00000007e1200000, 0x00000007e1300000|  0%| F|  |TAMS 0x00000007e1200000, 0x00000007e1200000| Untracked 
|  19|0x00000007e1300000, 0x00000007e1300000, 0x00000007e1400000|  0%| F|  |TAMS 0x00000007e1300000, 0x00000007e1300000| Untracked 
|  20|0x00000007e1400000, 0x00000007e1400000, 0x00000007e1500000|  0%| F|  |TAMS 0x00000007e1400000, 0x00000007e1400000| Untracked 
|  21|0x00000007e1500000, 0x00000007e1500000, 0x00000007e1600000|  0%| F|  |TAMS 0x00000007e1500000, 0x00000007e1500000| Untracked 
|  22|0x00000007e1600000, 0x00000007e1600000, 0x00000007e1700000|  0%| F|  |TAMS 0x00000007e1600000, 0x00000007e1600000| Untracked 
|  23|0x00000007e1700000, 0x00000007e1700000, 0x00000007e1800000|  0%| F|  |TAMS 0x00000007e1700000, 0x00000007e1700000| Untracked 
|  24|0x00000007e1800000, 0x00000007e1800000, 0x00000007e1900000|  0%| F|  |TAMS 0x00000007e1800000, 0x00000007e1800000| Untracked 
|  25|0x00000007e1900000, 0x00000007e1900000, 0x00000007e1a00000|  0%| F|  |TAMS 0x00000007e1900000, 0x00000007e1900000| Untracked 
|  26|0x00000007e1a00000, 0x00000007e1a23750, 0x00000007e1b00000| 13%| E|  |TAMS 0x00000007e1a00000, 0x00000007e1a00000| Complete 
|  27|0x00000007e1b00000, 0x00000007e1c00000, 0x00000007e1c00000|100%| E|CS|TAMS 0x00000007e1b00000, 0x00000007e1b00000| Complete 
|  28|0x00000007e1c00000, 0x00000007e1d00000, 0x00000007e1d00000|100%| E|CS|TAMS 0x00000007e1c00000, 0x00000007e1c00000| Complete 
|  29|0x00000007e1d00000, 0x00000007e1e00000, 0x00000007e1e00000|100%| E|CS|TAMS 0x00000007e1d00000, 0x00000007e1d00000| Complete 
|  30|0x00000007e1e00000, 0x00000007e1e64740, 0x00000007e1f00000| 39%| S|CS|TAMS 0x00000007e1e00000, 0x00000007e1e00000| Complete 
|  31|0x00000007e1f00000, 0x00000007e2000000, 0x00000007e2000000|100%| E|CS|TAMS 0x00000007e1f00000, 0x00000007e1f00000| Complete 
| 510|0x00000007ffe00000, 0x00000007ffe46000, 0x00000007fff00000| 27%|OA|  |TAMS 0x00000007ffe00000, 0x00000007ffe00000| Untracked 
| 511|0x00000007fff00000, 0x00000007fff6f000, 0x0000000800000000| 43%|CA|  |TAMS 0x00000007fff00000, 0x00000007fff00000| Untracked 

Card table byte_map: [0x000000011acde000,0x000000011adde000] _byte_map_base: 0x0000000116dde000

Marking Bits (Prev, Next): (CMBitMap*) 0x00007fd940824818, (CMBitMap*) 0x00007fd940824858
 Prev Bits: [0x000000011aede000, 0x000000011b6de000)
 Next Bits: [0x000000011b6de000, 0x000000011bede000)

Polling page: 0x0000000102fbd000

Metaspace:

Usage:
  Non-class:      9.37 MB capacity,     9.20 MB ( 98%) used,   143.51 KB (  1%) free+waste,    34.38 KB ( <1%) overhead. 
      Class:      1.40 MB capacity,     1.24 MB ( 89%) used,   144.09 KB ( 10%) free+waste,    20.62 KB (  1%) overhead. 
       Both:     10.77 MB capacity,    10.43 MB ( 97%) used,   287.59 KB (  3%) free+waste,    55.00 KB ( <1%) overhead. 

Virtual space:
  Non-class space:       10.00 MB reserved,       9.50 MB ( 95%) committed 
      Class space:        1.00 GB reserved,       1.50 MB ( <1%) committed 
             Both:        1.01 GB reserved,      11.00 MB (  1%) committed 

Chunk freelists:
   Non-Class:  640 bytes
       Class:  0 bytes
        Both:  640 bytes

CodeHeap 'non-profiled nmethods': size=120036Kb used=412Kb max_used=418Kb free=119623Kb
 bounds [0x00000001132c3000, 0x0000000113533000, 0x000000011a7fc000]
CodeHeap 'profiled nmethods': size=120032Kb used=2610Kb max_used=2610Kb free=117421Kb
 bounds [0x000000010bd8b000, 0x000000010c02b000, 0x00000001132c3000]
CodeHeap 'non-nmethods': size=5692Kb used=1246Kb max_used=1258Kb free=4445Kb
 bounds [0x000000010b7fc000, 0x000000010ba6c000, 0x000000010bd8b000]
 total_blobs=2263 nmethods=1415 adapters=555
 compilation: enabled
              stopped_count=0, restarted_count=0
 full_count=0

Compilation events (10 events):
Event: 17.017 Thread 0x00007fd94100d000 nmethod 1472 0x000000010bd99890 code [0x000000010bd99a40, 0x000000010bd99c10]
Event: 17.035 Thread 0x00007fd94100d000 1473       3       jdk.internal.reflect.MagicAccessorImpl::<init> (5 bytes)
Event: 17.035 Thread 0x00007fd94100d000 nmethod 1473 0x000000010bd9ee90 code [0x000000010bd9f040, 0x000000010bd9f210]
Event: 17.090 Thread 0x00007fd94100d000 1474       3       java.awt.Insets::<init> (26 bytes)
Event: 17.090 Thread 0x00007fd94100d000 nmethod 1474 0x000000010bda0990 code [0x000000010bda0b40, 0x000000010bda0d10]
Event: 17.091 Thread 0x00007fd94100d000 1475       1       java.awt.AWTEvent::isConsumed (5 bytes)
Event: 17.091 Thread 0x00007fd94100d000 nmethod 1475 0x00000001132ce190 code [0x00000001132ce340, 0x00000001132ce470]
Event: 17.095 Thread 0x00007fd94100d000 1476       1       javax.swing.text.AbstractDocument$BranchElement::getElementCount (5 bytes)
Event: 17.095 Thread 0x00007fd94100d000 nmethod 1476 0x00000001132cde10 code [0x00000001132cdfc0, 0x00000001132ce0f0]
Event: 17.100 Thread 0x00007fd94100d000 1477   !   3       java.awt.DefaultKeyboardFocusManager::dispatchEvent (1616 bytes)

GC Heap History (4 events):
Event: 7.386 GC heap before
{Heap before GC invocations=0 (full 0):
 garbage-first heap   total 34816K, used 7892K [0x00000007e0000000, 0x0000000800000000)
  region size 1024K, 7 young (7168K), 0 survivors (0K)
 Metaspace       used 8293K, capacity 8633K, committed 8832K, reserved 1056768K
  class space    used 991K, capacity 1138K, committed 1152K, reserved 1048576K
}
Event: 7.427 GC heap after
{Heap after GC invocations=1 (full 0):
 garbage-first heap   total 34816K, used 3112K [0x00000007e0000000, 0x0000000800000000)
  region size 1024K, 1 young (1024K), 1 survivors (1024K)
 Metaspace       used 8293K, capacity 8633K, committed 8832K, reserved 1056768K
  class space    used 991K, capacity 1138K, committed 1152K, reserved 1048576K
}
Event: 8.098 GC heap before
{Heap before GC invocations=1 (full 0):
 garbage-first heap   total 34816K, used 3112K [0x00000007e0000000, 0x0000000800000000)
  region size 1024K, 2 young (2048K), 1 survivors (1024K)
 Metaspace       used 9579K, capacity 9984K, committed 10112K, reserved 1058816K
  class space    used 1161K, capacity 1321K, committed 1408K, reserved 1048576K
}
Event: 8.136 GC heap after
{Heap after GC invocations=2 (full 0):
 garbage-first heap   total 34816K, used 3539K [0x00000007e0000000, 0x0000000800000000)
  region size 1024K, 1 young (1024K), 1 survivors (1024K)
 Metaspace       used 9579K, capacity 9984K, committed 10112K, reserved 1058816K
  class space    used 1161K, capacity 1321K, committed 1408K, reserved 1048576K
}

Deoptimization events (10 events):
Event: 1.002 Thread 0x00007fd940804000 Uncommon trap: reason=bimorphic_or_optimized_type_check action=maybe_recompile pc=0x00000001132cc524 method=java.util.AbstractCollection.isEmpty()Z @ 1 c2
Event: 4.289 Thread 0x00007fd940804000 Uncommon trap: reason=unstable_if action=reinterpret pc=0x00000001132e06a4 method=java.util.HashMap.hash(Ljava/lang/Object;)I @ 1 c2
Event: 4.558 Thread 0x00007fd940804000 Uncommon trap: reason=unstable_if action=reinterpret pc=0x00000001132d0608 method=java.lang.String.isLatin1()Z @ 10 c2
Event: 4.558 Thread 0x00007fd940804000 Uncommon trap: reason=unstable_if action=reinterpret pc=0x00000001132ce62c method=java.util.HashMap.putVal(ILjava/lang/Object;Ljava/lang/Object;ZZ)Ljava/lang/Object; @ 181 c2
Event: 6.856 Thread 0x00007fd940804000 Uncommon trap: reason=unstable_if action=reinterpret pc=0x00000001132f130c method=java.lang.StringLatin1.toLowerCase(Ljava/lang/String;[BLjava/util/Locale;)Ljava/lang/String; @ 40 c2
Event: 7.879 Thread 0x00007fd941221800 Uncommon trap: reason=unstable_if action=reinterpret pc=0x00000001132ecee0 method=java.lang.StringLatin1.replace([BCC)Ljava/lang/String; @ 19 c2
Event: 8.009 Thread 0x00007fd941221800 Uncommon trap: reason=class_check action=maybe_recompile pc=0x00000001132cccfc method=java.lang.String.equals(Ljava/lang/Object;)Z @ 8 c2
Event: 8.009 Thread 0x00007fd941221800 Uncommon trap: reason=class_check action=maybe_recompile pc=0x00000001132cccfc method=java.lang.String.equals(Ljava/lang/Object;)Z @ 8 c2
Event: 8.020 Thread 0x00007fd941221800 Uncommon trap: reason=class_check action=maybe_recompile pc=0x00000001132cccfc method=java.lang.String.equals(Ljava/lang/Object;)Z @ 8 c2
Event: 8.020 Thread 0x00007fd941221800 Uncommon trap: reason=class_check action=maybe_recompile pc=0x00000001132cccfc method=java.lang.String.equals(Ljava/lang/Object;)Z @ 8 c2

Classes redefined (0 events):
No events

Internal exceptions (10 events):
Event: 7.364 Thread 0x00007fd941221800 Exception <a 'java/lang/NoSuchMethodError'{0x00000007e19932e8}: java.lang.invoke.DirectMethodHandle$Holder.invokeStatic(Ljava/lang/Object;J)V> (0x00000007e19932e8) thrown at [/scratch/mesos/slaves/07fc96ef-bf4d-487f-b22f-a84e49f5f44a-S133114/frameworks/17
Event: 7.366 Thread 0x00007fd940804000 Exception <a 'java/lang/NoSuchMethodError'{0x00000007e19efae8}: java.lang.invoke.Invokers$Holder.linkToTargetMethod(IIIILjava/lang/Object;)Ljava/lang/Object;> (0x00000007e19efae8) thrown at [/scratch/mesos/slaves/07fc96ef-bf4d-487f-b22f-a84e49f5f44a-S1331
Event: 7.371 Thread 0x00007fd940969000 Exception <a 'java/lang/NoSuchMethodError'{0x00000007e1cfc410}: java.lang.invoke.DirectMethodHandle$Holder.invokeStatic(Ljava/lang/Object;Ljava/lang/Object;J)V> (0x00000007e1cfc410) thrown at [/scratch/mesos/slaves/07fc96ef-bf4d-487f-b22f-a84e49f5f44a-S13
Event: 7.610 Thread 0x00007fd940804000 Exception <a 'java/lang/NoSuchMethodError'{0x00000007e1f69e68}: java.lang.invoke.DirectMethodHandle$Holder.invokeSpecial(Ljava/lang/Object;Ljava/lang/Object;J)V> (0x00000007e1f69e68) thrown at [/scratch/mesos/slaves/07fc96ef-bf4d-487f-b22f-a84e49f5f44a-S1
Event: 7.612 Thread 0x00007fd940804000 Exception <a 'java/lang/NoSuchMethodError'{0x00000007e1f6faa8}: java.lang.invoke.DirectMethodHandle$Holder.invokeStatic(Ljava/lang/Object;JJ)V> (0x00000007e1f6faa8) thrown at [/scratch/mesos/slaves/07fc96ef-bf4d-487f-b22f-a84e49f5f44a-S133114/frameworks/1
Event: 7.625 Thread 0x00007fd940804000 Exception <a 'java/lang/NoSuchMethodError'{0x00000007e1f7af00}: java.lang.invoke.Invokers$Holder.linkToTargetMethod(Ljava/lang/Object;ILjava/lang/Object;)Ljava/lang/Object;> (0x00000007e1f7af00) thrown at [/scratch/mesos/slaves/07fc96ef-bf4d-487f-b22f-a84
Event: 7.876 Thread 0x00007fd941221800 Exception <a 'java/lang/NoSuchMethodError'{0x00000007e1fbe020}: java.lang.invoke.DirectMethodHandle$Holder.invokeStatic(Ljava/lang/Object;Ljava/lang/Object;II)Ljava/lang/Object;> (0x00000007e1fbe020) thrown at [/scratch/mesos/slaves/07fc96ef-bf4d-487f-b22
Event: 7.877 Thread 0x00007fd941221800 Exception <a 'java/lang/NoSuchMethodError'{0x00000007e1fc42d8}: java.lang.invoke.Invokers$Holder.linkToTargetMethod(Ljava/lang/Object;IILjava/lang/Object;)Ljava/lang/Object;> (0x00000007e1fc42d8) thrown at [/scratch/mesos/slaves/07fc96ef-bf4d-487f-b22f-a8
Event: 7.880 Thread 0x00007fd941221800 Exception <a 'java/lang/NoSuchMethodError'{0x00000007e1fd0bd8}: java.lang.invoke.DirectMethodHandle$Holder.invokeStatic(Ljava/lang/Object;Ljava/lang/Object;IIII)Ljava/lang/Object;> (0x00000007e1fd0bd8) thrown at [/scratch/mesos/slaves/07fc96ef-bf4d-487f-b
Event: 8.138 Thread 0x00007fd940868800 Exception <a 'java/lang/NullPointerException'{0x00000007e1f03bb0}> (0x00000007e1f03bb0) thrown at [/scratch/mesos/slaves/07fc96ef-bf4d-487f-b22f-a84e49f5f44a-S133114/frameworks/1735e8a2-a1db-478c-8104-60c8b0af87dd-0196/executors/2a6e3cf3-77d0-49b8-bc84-3d

Events (10 events):
Event: 17.018 loading class java/awt/Dialog$1
Event: 17.018 loading class java/awt/Dialog$1 done
Event: 17.027 loading class sun/lwawt/macosx/CPrinterDialogPeer
Event: 17.027 loading class sun/lwawt/macosx/CPrinterDialogPeer done
Event: 17.041 Executing VM operation: RevokeBias
Event: 17.041 Executing VM operation: RevokeBias done
Event: 17.089 Executing VM operation: RevokeBias
Event: 17.089 Executing VM operation: RevokeBias done
Event: 17.089 loading class java/awt/WaitDispatchSupport$4
Event: 17.089 loading class java/awt/WaitDispatchSupport$4 done


Dynamic libraries:
0x00007fff906ea000 	/usr/lib/libz.1.dylib
0x0000000101ebc000 	/Library/Java/JavaVirtualMachines/openjdk-12.0.1.jdk/Contents/Home/lib/libjli.dylib
0x00007fff9ac98000 	/System/Library/Frameworks/Cocoa.framework/Versions/A/Cocoa
0x00007fff8a8fb000 	/System/Library/Frameworks/Security.framework/Versions/A/Security
0x00007fff9acc2000 	/System/Library/Frameworks/ApplicationServices.framework/Versions/A/ApplicationServices
0x00007fff96c08000 	/usr/lib/libSystem.B.dylib
0x00007fff89034000 	/usr/lib/system/libcache.dylib
0x00007fff96d35000 	/usr/lib/system/libcommonCrypto.dylib
0x00007fff9194c000 	/usr/lib/system/libcompiler_rt.dylib
0x00007fff932a9000 	/usr/lib/system/libcopyfile.dylib
0x00007fff8d8ba000 	/usr/lib/system/libcorecrypto.dylib
0x00007fff94a39000 	/usr/lib/system/libdispatch.dylib
0x00007fff91ca3000 	/usr/lib/system/libdyld.dylib
0x00007fff8e2a7000 	/usr/lib/system/libkeymgr.dylib
0x00007fff94874000 	/usr/lib/system/liblaunch.dylib
0x00007fff97f77000 	/usr/lib/system/libmacho.dylib
0x00007fff9e8ea000 	/usr/lib/system/libquarantine.dylib
0x00007fff890ec000 	/usr/lib/system/libremovefile.dylib
0x00007fff9000d000 	/usr/lib/system/libsystem_asl.dylib
0x00007fff8a548000 	/usr/lib/system/libsystem_blocks.dylib
0x00007fff881aa000 	/usr/lib/system/libsystem_c.dylib
0x00007fff8e49a000 	/usr/lib/system/libsystem_configuration.dylib
0x00007fff96cbc000 	/usr/lib/system/libsystem_coreservices.dylib
0x00007fff89f24000 	/usr/lib/system/libsystem_coretls.dylib
0x00007fff99ae5000 	/usr/lib/system/libsystem_dnssd.dylib
0x00007fff8d851000 	/usr/lib/system/libsystem_info.dylib
0x00007fff8e818000 	/usr/lib/system/libsystem_kernel.dylib
0x00007fff97dca000 	/usr/lib/system/libsystem_m.dylib
0x00007fff8d834000 	/usr/lib/system/libsystem_malloc.dylib
0x00007fff97e18000 	/usr/lib/system/libsystem_network.dylib
0x00007fff9b1b3000 	/usr/lib/system/libsystem_networkextension.dylib
0x00007fff910f9000 	/usr/lib/system/libsystem_notify.dylib
0x00007fff888ca000 	/usr/lib/system/libsystem_platform.dylib
0x00007fff99adb000 	/usr/lib/system/libsystem_pthread.dylib
0x00007fff9690d000 	/usr/lib/system/libsystem_sandbox.dylib
0x00007fff96950000 	/usr/lib/system/libsystem_secinit.dylib
0x00007fff8db33000 	/usr/lib/system/libsystem_trace.dylib
0x00007fff96ead000 	/usr/lib/system/libunc.dylib
0x00007fff9eaa9000 	/usr/lib/system/libunwind.dylib
0x00007fff977d7000 	/usr/lib/system/libxpc.dylib
0x00007fff9d251000 	/usr/lib/libobjc.A.dylib
0x00007fff97c7f000 	/usr/lib/libauto.dylib
0x00007fff9ea76000 	/usr/lib/libc++abi.dylib
0x00007fff908cb000 	/usr/lib/libc++.1.dylib
0x00007fff8db25000 	/usr/lib/libDiagnosticMessagesClient.dylib
0x00007fff99ca8000 	/System/Library/Frameworks/CoreFoundation.framework/Versions/A/CoreFoundation
0x00007fff8cb89000 	/System/Library/Frameworks/Foundation.framework/Versions/C/Foundation
0x00007fff9dc6a000 	/System/Library/Frameworks/AppKit.framework/Versions/C/AppKit
0x00007fff88623000 	/System/Library/Frameworks/CoreData.framework/Versions/A/CoreData
0x00007fff8e715000 	/System/Library/PrivateFrameworks/RemoteViewServices.framework/Versions/A/RemoteViewServices
0x00007fff94218000 	/System/Library/PrivateFrameworks/UIFoundation.framework/Versions/A/UIFoundation
0x00007fff913f9000 	/usr/lib/libScreenReader.dylib
0x00007fff8d932000 	/System/Library/Frameworks/Accelerate.framework/Versions/A/Accelerate
0x00007fff89de6000 	/System/Library/Frameworks/IOSurface.framework/Versions/A/IOSurface
0x00007fff9b1e2000 	/System/Library/Frameworks/AudioToolbox.framework/Versions/A/AudioToolbox
0x00007fff9d72c000 	/System/Library/Frameworks/AudioUnit.framework/Versions/A/AudioUnit
0x00007fff974ee000 	/System/Library/PrivateFrameworks/DataDetectorsCore.framework/Versions/A/DataDetectorsCore
0x00007fff9e919000 	/System/Library/PrivateFrameworks/DesktopServicesPriv.framework/Versions/A/DesktopServicesPriv
0x00007fff9d7e4000 	/System/Library/Frameworks/Carbon.framework/Versions/A/Frameworks/HIToolbox.framework/Versions/A/HIToolbox
0x00007fff906fc000 	/System/Library/Frameworks/QuartzCore.framework/Versions/A/QuartzCore
0x00007fff89ea2000 	/System/Library/Frameworks/Carbon.framework/Versions/A/Frameworks/SpeechRecognition.framework/Versions/A/SpeechRecognition
0x00007fff90025000 	/usr/lib/libicucore.A.dylib
0x00007fff8e003000 	/usr/lib/libxml2.2.dylib
0x00007fff93908000 	/System/Library/PrivateFrameworks/CoreUI.framework/Versions/A/CoreUI
0x00007fff8ee04000 	/System/Library/Frameworks/CoreAudio.framework/Versions/A/CoreAudio
0x00007fff94da7000 	/System/Library/Frameworks/DiskArbitration.framework/Versions/A/DiskArbitration
0x00007fff8da5c000 	/usr/lib/liblangid.dylib
0x00007fff8ee5b000 	/System/Library/PrivateFrameworks/MultitouchSupport.framework/Versions/A/MultitouchSupport
0x00007fff8828b000 	/System/Library/Frameworks/IOKit.framework/Versions/A/IOKit
0x00007fff8b9c8000 	/System/Library/Frameworks/CoreServices.framework/Versions/A/CoreServices
0x00007fff8dd1b000 	/System/Library/PrivateFrameworks/PerformanceAnalysis.framework/Versions/A/PerformanceAnalysis
0x00007fff8ff83000 	/System/Library/PrivateFrameworks/GenerationalStorage.framework/Versions/A/GenerationalStorage
0x00007fff8db5e000 	/System/Library/Frameworks/OpenGL.framework/Versions/A/OpenGL
0x00007fff97030000 	/System/Library/PrivateFrameworks/Sharing.framework/Versions/A/Sharing
0x00007fff94dad000 	/System/Library/Frameworks/CoreGraphics.framework/Versions/A/CoreGraphics
0x00007fff89a90000 	/System/Library/Frameworks/CoreImage.framework/Versions/A/CoreImage
0x00007fff88aa8000 	/System/Library/Frameworks/CoreText.framework/Versions/A/CoreText
0x00007fff8b9c9000 	/System/Library/Frameworks/ImageIO.framework/Versions/A/ImageIO
0x00007fff8ed14000 	/System/Library/PrivateFrameworks/Backup.framework/Versions/A/Backup
0x00007fff9c3f4000 	/usr/lib/libextension.dylib
0x00007fff92da1000 	/usr/lib/libarchive.2.dylib
0x00007fff94a6c000 	/System/Library/Frameworks/CFNetwork.framework/Versions/A/CFNetwork
0x00007fff89331000 	/System/Library/Frameworks/SystemConfiguration.framework/Versions/A/SystemConfiguration
0x00007fff8a4d0000 	/usr/lib/libCRFSuite.dylib
0x00007fff910a1000 	/usr/lib/libenergytrace.dylib
0x00007fff89dc5000 	/usr/lib/libbsm.0.dylib
0x00007fff8c71a000 	/usr/lib/system/libkxld.dylib
0x00007fff8fae9000 	/usr/lib/libxar.1.dylib
0x00007fff999bc000 	/usr/lib/libsqlite3.dylib
0x00007fff89f6a000 	/usr/lib/libpam.2.dylib
0x00007fff98149000 	/usr/lib/libOpenScriptingUtil.dylib
0x00007fff8c773000 	/usr/lib/libbz2.1.0.dylib
0x00007fff96918000 	/usr/lib/liblzma.5.dylib
0x00007fff96bae000 	/System/Library/Frameworks/CoreServices.framework/Versions/A/Frameworks/FSEvents.framework/Versions/A/FSEvents
0x00007fff8c850000 	/System/Library/Frameworks/CoreServices.framework/Versions/A/Frameworks/CarbonCore.framework/Versions/A/CarbonCore
0x00007fff97e82000 	/System/Library/Frameworks/CoreServices.framework/Versions/A/Frameworks/Metadata.framework/Versions/A/Metadata
0x00007fff8858f000 	/System/Library/Frameworks/CoreServices.framework/Versions/A/Frameworks/OSServices.framework/Versions/A/OSServices
0x00007fff8c788000 	/System/Library/Frameworks/CoreServices.framework/Versions/A/Frameworks/SearchKit.framework/Versions/A/SearchKit
0x00007fff91a7a000 	/System/Library/Frameworks/CoreServices.framework/Versions/A/Frameworks/AE.framework/Versions/A/AE
0x00007fff8b115000 	/System/Library/Frameworks/CoreServices.framework/Versions/A/Frameworks/LaunchServices.framework/Versions/A/LaunchServices
0x00007fff88179000 	/System/Library/Frameworks/CoreServices.framework/Versions/A/Frameworks/DictionaryServices.framework/Versions/A/DictionaryServices
0x00007fff8d4a6000 	/System/Library/Frameworks/CoreServices.framework/Versions/A/Frameworks/SharedFileList.framework/Versions/A/SharedFileList
0x00007fff8c61b000 	/System/Library/Frameworks/NetFS.framework/Versions/A/NetFS
0x00007fff8e4a4000 	/System/Library/PrivateFrameworks/NetAuth.framework/Versions/A/NetAuth
0x00007fff98272000 	/System/Library/PrivateFrameworks/login.framework/Versions/A/Frameworks/loginsupport.framework/Versions/A/loginsupport
0x00007fff9812d000 	/System/Library/PrivateFrameworks/TCC.framework/Versions/A/TCC
0x00007fff90d52000 	/usr/lib/libmecabra.dylib
0x00007fff948d4000 	/System/Library/Frameworks/ApplicationServices.framework/Versions/A/Frameworks/ATS.framework/Versions/A/ATS
0x00007fff8adeb000 	/System/Library/Frameworks/ApplicationServices.framework/Versions/A/Frameworks/ColorSync.framework/Versions/A/ColorSync
0x00007fff9c38b000 	/System/Library/Frameworks/ApplicationServices.framework/Versions/A/Frameworks/HIServices.framework/Versions/A/HIServices
0x00007fff8df6b000 	/System/Library/Frameworks/ApplicationServices.framework/Versions/A/Frameworks/LangAnalysis.framework/Versions/A/LangAnalysis
0x00007fff8faf8000 	/System/Library/Frameworks/ApplicationServices.framework/Versions/A/Frameworks/PrintCore.framework/Versions/A/PrintCore
0x00007fff8bc25000 	/System/Library/Frameworks/ApplicationServices.framework/Versions/A/Frameworks/QD.framework/Versions/A/QD
0x00007fff9b389000 	/System/Library/Frameworks/ApplicationServices.framework/Versions/A/Frameworks/SpeechSynthesis.framework/Versions/A/SpeechSynthesis
0x00007fff9a933000 	/System/Library/Frameworks/Metal.framework/Versions/A/Metal
0x00007fff92dcd000 	/System/Library/Frameworks/Accelerate.framework/Versions/A/Frameworks/vImage.framework/Versions/A/vImage
0x00007fff94397000 	/System/Library/Frameworks/Accelerate.framework/Versions/A/Frameworks/vecLib.framework/Versions/A/vecLib
0x00007fff89cb2000 	/System/Library/Frameworks/Accelerate.framework/Versions/A/Frameworks/vecLib.framework/Versions/A/libvDSP.dylib
0x00007fff8da5e000 	/System/Library/Frameworks/Accelerate.framework/Versions/A/Frameworks/vecLib.framework/Versions/A/libvMisc.dylib
0x00007fff88c31000 	/System/Library/Frameworks/Accelerate.framework/Versions/A/Frameworks/vecLib.framework/Versions/A/libLAPACK.dylib
0x00007fff888e7000 	/System/Library/Frameworks/Accelerate.framework/Versions/A/Frameworks/vecLib.framework/Versions/A/libBLAS.dylib
0x00007fff88578000 	/System/Library/Frameworks/Accelerate.framework/Versions/A/Frameworks/vecLib.framework/Versions/A/libLinearAlgebra.dylib
0x00007fff8dfa3000 	/System/Library/Frameworks/Accelerate.framework/Versions/A/Frameworks/vecLib.framework/Versions/A/libSparseBLAS.dylib
0x00007fff8e002000 	/System/Library/PrivateFrameworks/GPUCompiler.framework/libmetal_timestamp.dylib
0x00007fff902a4000 	/System/Library/Frameworks/OpenGL.framework/Versions/A/Libraries/libCoreFSCache.dylib
0x00007fff906d3000 	/System/Library/PrivateFrameworks/IOAccelerator.framework/Versions/A/IOAccelerator
0x00007fff96db0000 	/System/Library/Frameworks/ApplicationServices.framework/Versions/A/Frameworks/ATS.framework/Versions/A/Resources/libFontParser.dylib
0x00007fff97f7d000 	/System/Library/Frameworks/ApplicationServices.framework/Versions/A/Frameworks/ATS.framework/Versions/A/Resources/libFontRegistry.dylib
0x00007fff980eb000 	/System/Library/PrivateFrameworks/AppleVPA.framework/Versions/A/AppleVPA
0x00007fff88353000 	/System/Library/PrivateFrameworks/AppleJPEG.framework/Versions/A/AppleJPEG
0x00007fff89e3c000 	/System/Library/Frameworks/ImageIO.framework/Versions/A/Resources/libJPEG.dylib
0x00007fff8d434000 	/System/Library/Frameworks/ImageIO.framework/Versions/A/Resources/libTIFF.dylib
0x00007fff8ee80000 	/System/Library/Frameworks/ImageIO.framework/Versions/A/Resources/libPng.dylib
0x00007fff99ca3000 	/System/Library/Frameworks/ImageIO.framework/Versions/A/Resources/libGIF.dylib
0x00007fff8923e000 	/System/Library/Frameworks/ImageIO.framework/Versions/A/Resources/libJP2.dylib
0x00007fff94a36000 	/System/Library/Frameworks/ImageIO.framework/Versions/A/Resources/libRadiance.dylib
0x00007fff94887000 	/System/Library/Frameworks/CoreVideo.framework/Versions/A/CoreVideo
0x00007fff90d10000 	/System/Library/Frameworks/OpenGL.framework/Versions/A/Libraries/libGLU.dylib
0x00007fff9ea28000 	/System/Library/Frameworks/OpenGL.framework/Versions/A/Libraries/libGFXShared.dylib
0x00007fff90298000 	/System/Library/Frameworks/OpenGL.framework/Versions/A/Libraries/libGL.dylib
0x00007fff9b790000 	/System/Library/Frameworks/OpenGL.framework/Versions/A/Libraries/libGLImage.dylib
0x00007fff91988000 	/System/Library/Frameworks/OpenGL.framework/Versions/A/Libraries/libCVMSPluginSupport.dylib
0x00007fff98145000 	/System/Library/Frameworks/OpenGL.framework/Versions/A/Libraries/libCoreVMClient.dylib
0x00007fff890f3000 	/usr/lib/libcompression.dylib
0x00007fff89dea000 	/usr/lib/libcups.2.dylib
0x00007fff99829000 	/System/Library/Frameworks/Kerberos.framework/Versions/A/Kerberos
0x00007fff90233000 	/System/Library/Frameworks/GSS.framework/Versions/A/GSS
0x00007fff96ffd000 	/usr/lib/libresolv.9.dylib
0x00007fff96eae000 	/usr/lib/libiconv.2.dylib
0x00007fff9d67f000 	/System/Library/PrivateFrameworks/Heimdal.framework/Versions/A/Heimdal
0x00007fff9c2d7000 	/usr/lib/libheimdal-asn1.dylib
0x00007fff9d72d000 	/System/Library/Frameworks/OpenDirectory.framework/Versions/A/OpenDirectory
0x00007fff97dfa000 	/System/Library/PrivateFrameworks/CommonAuth.framework/Versions/A/CommonAuth
0x00007fff96bb7000 	/System/Library/Frameworks/OpenDirectory.framework/Versions/A/Frameworks/CFOpenDirectory.framework/Versions/A/CFOpenDirectory
0x00007fff96898000 	/System/Library/Frameworks/SecurityFoundation.framework/Versions/A/SecurityFoundation
0x00007fff97bd7000 	/System/Library/PrivateFrameworks/LanguageModeling.framework/Versions/A/LanguageModeling
0x00007fff94d45000 	/usr/lib/libmarisa.dylib
0x00007fff8db27000 	/usr/lib/libChineseTokenizer.dylib
0x00007fff8f5ff000 	/usr/lib/libcmph.dylib
0x00007fff8e74e000 	/System/Library/Frameworks/ServiceManagement.framework/Versions/A/ServiceManagement
0x00007fff9d73a000 	/usr/lib/libxslt.1.dylib
0x00007fff8bd56000 	/System/Library/Frameworks/Carbon.framework/Versions/A/Frameworks/Ink.framework/Versions/A/Ink
0x00007fff9c557000 	/usr/lib/libFosl_dynamic.dylib
0x00007fff93484000 	/System/Library/PrivateFrameworks/FaceCore.framework/Versions/A/FaceCore
0x00007fff8dcab000 	/System/Library/Frameworks/OpenCL.framework/Versions/A/OpenCL
0x00007fff96ba2000 	/System/Library/PrivateFrameworks/CrashReporterSupport.framework/Versions/A/CrashReporterSupport
0x00007fff97867000 	/System/Library/PrivateFrameworks/IconServices.framework/Versions/A/IconServices
0x00007fff89a70000 	/System/Library/PrivateFrameworks/Apple80211.framework/Versions/A/Apple80211
0x00007fff93406000 	/System/Library/Frameworks/CoreWLAN.framework/Versions/A/CoreWLAN
0x00007fff94991000 	/System/Library/Frameworks/IOBluetooth.framework/Versions/A/IOBluetooth
0x00007fff8a417000 	/System/Library/PrivateFrameworks/CoreWiFi.framework/Versions/A/CoreWiFi
0x00007fff97e04000 	/System/Library/Frameworks/CoreBluetooth.framework/Versions/A/CoreBluetooth
0x00007fff8df7b000 	/System/Library/PrivateFrameworks/ChunkingLibrary.framework/Versions/A/ChunkingLibrary
0x00007fff98275000 	/System/Library/PrivateFrameworks/DebugSymbols.framework/Versions/A/DebugSymbols
0x00007fff884d8000 	/System/Library/PrivateFrameworks/CoreSymbolication.framework/Versions/A/CoreSymbolication
0x00007fff891ed000 	/System/Library/PrivateFrameworks/Symbolication.framework/Versions/A/Symbolication
0x00007fff98114000 	/System/Library/PrivateFrameworks/SpeechRecognitionCore.framework/Versions/A/SpeechRecognitionCore
0x0000000102129000 	/Library/Java/JavaVirtualMachines/openjdk-12.0.1.jdk/Contents/Home/lib/server/libjvm.dylib
0x0000000102f8d000 	/Library/Java/JavaVirtualMachines/openjdk-12.0.1.jdk/Contents/Home/lib/libverify.dylib
0x0000000102f99000 	/Library/Java/JavaVirtualMachines/openjdk-12.0.1.jdk/Contents/Home/lib/libjava.dylib
0x0000000102fbf000 	/Library/Java/JavaVirtualMachines/openjdk-12.0.1.jdk/Contents/Home/lib/libinstrument.dylib
0x0000000103408000 	/Library/Java/JavaVirtualMachines/openjdk-12.0.1.jdk/Contents/Home/lib/libzip.dylib
0x0000000103410000 	/Library/Java/JavaVirtualMachines/openjdk-12.0.1.jdk/Contents/Home/lib/libjimage.dylib
0x000000011ea75000 	/Library/Java/JavaVirtualMachines/openjdk-12.0.1.jdk/Contents/Home/lib/libnio.dylib
0x000000011ea83000 	/Library/Java/JavaVirtualMachines/openjdk-12.0.1.jdk/Contents/Home/lib/./libnet.dylib
0x000000011eb1e000 	/Library/Java/JavaVirtualMachines/openjdk-12.0.1.jdk/Contents/Home/lib/libextnet.dylib
0x000000011eb21000 	/Library/Java/JavaVirtualMachines/openjdk-12.0.1.jdk/Contents/Home/lib/libawt.dylib
0x000000011ebb6000 	/Library/Java/JavaVirtualMachines/openjdk-12.0.1.jdk/Contents/Home/lib/./libmlib_image.dylib
0x000000011ec1b000 	/System/Library/Frameworks/JavaVM.framework/Versions/A/Frameworks/JavaNativeFoundation.framework/Versions/A/JavaNativeFoundation
0x000000011ec30000 	/System/Library/Frameworks/JavaVM.framework/Versions/A/Frameworks/JavaRuntimeSupport.framework/Versions/A/JavaRuntimeSupport
0x000000011ec4b000 	/System/Library/Frameworks/JavaVM.framework/Versions/A/JavaVM
0x000000011ec58000 	/System/Library/PrivateFrameworks/JavaLaunching.framework/Versions/A/JavaLaunching
0x00007fff88577000 	/System/Library/Frameworks/Carbon.framework/Versions/A/Carbon
0x00007fff8a40e000 	/System/Library/Frameworks/Carbon.framework/Versions/A/Frameworks/CommonPanels.framework/Versions/A/CommonPanels
0x00007fff97099000 	/System/Library/Frameworks/Carbon.framework/Versions/A/Frameworks/Help.framework/Versions/A/Help
0x00007fff9b900000 	/System/Library/Frameworks/Carbon.framework/Versions/A/Frameworks/ImageCapture.framework/Versions/A/ImageCapture
0x00007fff98258000 	/System/Library/Frameworks/Carbon.framework/Versions/A/Frameworks/OpenScripting.framework/Versions/A/OpenScripting
0x00007fff91ca7000 	/System/Library/Frameworks/Carbon.framework/Versions/A/Frameworks/Print.framework/Versions/A/Print
0x00007fff8db45000 	/System/Library/Frameworks/Carbon.framework/Versions/A/Frameworks/SecurityHI.framework/Versions/A/SecurityHI
0x000000011ec64000 	/Library/Java/JavaVirtualMachines/openjdk-12.0.1.jdk/Contents/Home/lib/libawt_lwawt.dylib
0x000000011ed0e000 	/Library/Java/JavaVirtualMachines/openjdk-12.0.1.jdk/Contents/Home/lib/./libosxapp.dylib
0x00007fff9755e000 	/System/Library/Frameworks/ExceptionHandling.framework/Versions/A/ExceptionHandling
0x000000011ed30000 	/Library/Java/JavaVirtualMachines/openjdk-12.0.1.jdk/Contents/Home/lib/libfontmanager.dylib
0x000000011edbd000 	/Library/Java/JavaVirtualMachines/openjdk-12.0.1.jdk/Contents/Home/lib/./libfreetype.dylib
0x00007fff97cc6000 	/System/Library/PrivateFrameworks/CoreServicesInternal.framework/Versions/A/CoreServicesInternal
0x00007fff9d5bd000 	/System/Library/Frameworks/CoreGraphics.framework/Versions/A/Resources/libRIP.A.dylib
0x00007fff8db48000 	/System/Library/Frameworks/Accelerate.framework/Versions/A/Frameworks/vImage.framework/Versions/A/Libraries/libCGInterfaces.dylib
0x00007fff91ca0000 	/System/Library/Frameworks/CoreGraphics.framework/Versions/A/Resources/libCGXType.A.dylib
0x00007fff9688f000 	/System/Library/Frameworks/OpenCL.framework/Versions/A/Libraries/libcldcpuengine.dylib
0x00007fff998e5000 	/System/Library/PrivateFrameworks/DiskImages.framework/Versions/A/DiskImages
0x00007fff8ddb7000 	/System/Library/Frameworks/DiscRecording.framework/Versions/A/DiscRecording
0x00007fff9758f000 	/usr/lib/libcsfde.dylib
0x00007fff9b7cf000 	/usr/lib/libcurl.4.dylib
0x00007fff96bd4000 	/System/Library/PrivateFrameworks/MediaKit.framework/Versions/A/MediaKit
0x00007fff96a86000 	/System/Library/PrivateFrameworks/ProtectedCloudStorage.framework/Versions/A/ProtectedCloudStorage
0x00007fff9b6f9000 	/usr/lib/libCoreStorage.dylib
0x00007fff8ffa0000 	/System/Library/PrivateFrameworks/EFILogin.framework/Versions/A/EFILogin
0x00007fff97fc4000 	/usr/lib/libutil.dylib
0x00007fff8b548000 	/System/Library/PrivateFrameworks/FindMyDevice.framework/Versions/A/FindMyDevice
0x00007fff9b821000 	/System/Library/Frameworks/LDAP.framework/Versions/A/LDAP
0x00007fff8d490000 	/usr/lib/libsasl2.2.dylib
0x00007fff998dc000 	/System/Library/PrivateFrameworks/CoreDaemon.framework/Versions/B/CoreDaemon
0x00007fff9ab73000 	/usr/lib/libcrypto.0.9.8.dylib
0x00007fff8a54a000 	/System/Library/PrivateFrameworks/AppleSRP.framework/Versions/A/AppleSRP
0x00007fff9ea74000 	/System/Library/PrivateFrameworks/TrustEvaluationAgent.framework/Versions/A/TrustEvaluationAgent
0x0000000121a0b000 	cl_kernels
0x00007fff89390000 	/System/Library/Frameworks/OpenCL.framework/Versions/A/Libraries/ImageFormats/unorm8_bgra.dylib
0x00007fff9b0c2000 	/System/Library/Frameworks/OpenCL.framework/Versions/A/Libraries/ImageFormats/unorm8_rgba.dylib
0x00007fff8952a000 	/System/Library/Frameworks/OpenGL.framework/Versions/A/Resources/GLEngine.bundle/GLEngine
0x00007fff97a06000 	/System/Library/Frameworks/OpenGL.framework/Versions/A/Libraries/libGLProgrammability.dylib
0x0000000122e5d000 	/System/Library/Extensions/GeForceTeslaGLDriver.bundle/Contents/MacOS/GeForceTeslaGLDriver
0x0000000124a1b000 	/System/Library/Extensions/GeForceTeslaGLDriver.bundle/Contents/MacOS/libclh.dylib
0x00007fff98133000 	/System/Library/PrivateFrameworks/GPUSupport.framework/Versions/A/Libraries/libGPUSupport.dylib
0x00007fff8e877000 	/System/Library/Frameworks/OpenGL.framework/Versions/A/Resources/GLRendererFloat.bundle/GLRendererFloat
0x00000001257cb000 	/Library/Java/JavaVirtualMachines/openjdk-12.0.1.jdk/Contents/Home/lib/libosxui.dylib
0x00007fff9d6f4000 	/System/Library/Frameworks/ApplicationServices.framework/Versions/A/Frameworks/ATS.framework/Versions/A/Resources/libTrueTypeScaler.dylib


VM Arguments:
jvm_args: -javaagent:/Applications/IntelliJ IDEA CE.app/Contents/lib/idea_rt.jar=57824:/Applications/IntelliJ IDEA CE.app/Contents/bin -Dfile.encoding=UTF-8 
java_command: lestercarpay.Main
java_class_path (initial): /Users/Lester/Documents/Projecten/nonogram/target/classes
Launcher Type: SUN_STANDARD

[Global flags]
     intx CICompilerCount                          = 2                                         {product} {ergonomic}
     uint ConcGCThreads                            = 1                                         {product} {ergonomic}
     uint G1ConcRefinementThreads                  = 2                                         {product} {ergonomic}
   size_t G1HeapRegionSize                         = 1048576                                   {product} {ergonomic}
    uintx GCDrainStackTargetSize                   = 64                                        {product} {ergonomic}
   size_t InitialHeapSize                          = 33554432                                  {product} {ergonomic}
   size_t MarkStackSize                            = 4194304                                   {product} {ergonomic}
   size_t MaxHeapSize                              = 536870912                                 {product} {ergonomic}
   size_t MaxNewSize                               = 321912832                                 {product} {ergonomic}
   size_t MinHeapDeltaBytes                        = 1048576                                   {product} {ergonomic}
    uintx NonNMethodCodeHeapSize                   = 5825164                                {pd product} {ergonomic}
    uintx NonProfiledCodeHeapSize                  = 122916538                              {pd product} {ergonomic}
    uintx ProfiledCodeHeapSize                     = 122916538                              {pd product} {ergonomic}
    uintx ReservedCodeCacheSize                    = 251658240                              {pd product} {ergonomic}
     bool SegmentedCodeCache                       = true                                      {product} {ergonomic}
     bool UseCompressedClassPointers               = true                                 {lp64_product} {ergonomic}
     bool UseCompressedOops                        = true                                 {lp64_product} {ergonomic}
     bool UseG1GC                                  = true                                      {product} {ergonomic}

Logging:
Log output configuration:
 #0: stdout all=warning uptime,level,tags
 #1: stderr all=off uptime,level,tags

Environment Variables:
PATH=/usr/local/bin:/usr/bin:/bin:/usr/sbin:/sbin
SHELL=/bin/bash

Signal Handlers:
SIGSEGV: [libjvm.dylib+0x736342], sa_mask[0]=11111111011111110111111111111111, sa_flags=SA_ONSTACK|SA_RESTART|SA_SIGINFO
SIGBUS: [libjvm.dylib+0x736342], sa_mask[0]=11111111011111110111111111111111, sa_flags=SA_RESTART|SA_SIGINFO
SIGFPE: [libjvm.dylib+0x736342], sa_mask[0]=11111111011111110111111111111111, sa_flags=SA_RESTART|SA_SIGINFO
SIGPIPE: [libjvm.dylib+0x5dddb6], sa_mask[0]=11111111011111110111111111111111, sa_flags=SA_RESTART|SA_SIGINFO
SIGXFSZ: [libjvm.dylib+0x5dddb6], sa_mask[0]=11111111011111110111111111111111, sa_flags=SA_RESTART|SA_SIGINFO
SIGILL: [libjvm.dylib+0x736342], sa_mask[0]=11111111011111110111111111111111, sa_flags=SA_RESTART|SA_SIGINFO
SIGUSR2: [libjvm.dylib+0x5de39b], sa_mask[0]=00100000000000000000000000000000, sa_flags=SA_RESTART|SA_SIGINFO
SIGHUP: [libjvm.dylib+0x5dd05b], sa_mask[0]=11111111011111110111111111111111, sa_flags=SA_RESTART|SA_SIGINFO
SIGINT: [libjvm.dylib+0x5dd05b], sa_mask[0]=11111111011111110111111111111111, sa_flags=SA_RESTART|SA_SIGINFO
SIGTERM: [libjvm.dylib+0x5dd05b], sa_mask[0]=11111111011111110111111111111111, sa_flags=SA_RESTART|SA_SIGINFO
SIGQUIT: [libjvm.dylib+0x5dd05b], sa_mask[0]=11111111011111110111111111111111, sa_flags=SA_RESTART|SA_SIGINFO


---------------  S Y S T E M  ---------------

OS:uname:Darwin 15.6.0 Darwin Kernel Version 15.6.0: Thu Jun 21 20:07:40 PDT 2018; root:xnu-3248.73.11~1/RELEASE_X86_64 x86_64
rlimit: STACK 8192k, CORE 0k, NPROC 266, NOFILE 10240, AS infinity, DATA infinity, FSIZE infinity
load average:9.61 4.61 3.82

CPU:total 2 (initial active 2) (2 cores per cpu, 1 threads per core) family 6 model 23 stepping 10, cmov, cx8, fxsr, mmx, sse, sse2, sse3, ssse3, sse4.1, tsc

Memory: 4k page, physical 2097152k(128096k free)

vm_info: OpenJDK 64-Bit Server VM (12.0.1+12) for bsd-amd64 JRE (12.0.1+12), built on Apr  2 2019 08:16:28 by "mach5one" with gcc 4.2.1 Compatible Apple LLVM 9.1.0 (clang-902.0.39.2)

END.
